select salva0_.nome as nome1_6_0_, salva0_.testo as testo2_6_0_ from salva salva0_ where salva0_.nome='2021/02/27 20:03:04.637-orari'
select salva0_.nome as nome1_6_0_, salva0_.testo as testo2_6_0_ from salva salva0_ where salva0_.nome='2021/02/27 20:03:04.637-lives'
select salva0_.nome as nome1_6_0_, salva0_.testo as testo2_6_0_ from salva salva0_ where salva0_.nome='orari'
select salva0_.nome as nome1_6_0_, salva0_.testo as testo2_6_0_ from salva salva0_ where salva0_.nome='lives'
update salva set testo='java.io.StringReader@1c7d3377' where nome='lives'
select salva0_.nome as nome1_6_0_, salva0_.testo as testo2_6_0_ from salva salva0_ where salva0_.nome='formazioneLUCCICAR'
select salva0_.nome as nome1_6_0_, salva0_.testo as testo2_6_0_ from salva salva0_ where salva0_.nome='formazioneFANTAVIVA'
select salva0_.nome as nome1_6_0_, salva0_.testo as testo2_6_0_ from salva salva0_ where salva0_.nome='formazioneBE'
update salva set testo='java.io.StringReader@39a5daa5' where nome='formazioneFANTAVIVA'
update salva set testo='java.io.StringReader@29f6230c' where nome='formazioneLUCCICAR'
update salva set testo='java.io.StringReader@3b5179fe' where nome='formazioneBE'
select salva0_.nome as nome1_6_0_, salva0_.testo as testo2_6_0_ from salva salva0_ where salva0_.nome='2021/02/27 20:05:24.183-orari'
select salva0_.nome as nome1_6_0_, salva0_.testo as testo2_6_0_ from salva salva0_ where salva0_.nome='2021/02/27 20:05:24.183-lives'
select salva0_.nome as nome1_6_0_, salva0_.testo as testo2_6_0_ from salva salva0_ where salva0_.nome='orari'
select salva0_.nome as nome1_6_0_, salva0_.testo as testo2_6_0_ from salva salva0_ where salva0_.nome='lives'
update salva set testo='java.io.StringReader@707b2fb9' where nome='lives'
select salva0_.nome as nome1_6_0_, salva0_.testo as testo2_6_0_ from salva salva0_ where salva0_.nome='formazioneLUCCICAR'
select salva0_.nome as nome1_6_0_, salva0_.testo as testo2_6_0_ from salva salva0_ where salva0_.nome='formazioneFANTAVIVA'
select salva0_.nome as nome1_6_0_, salva0_.testo as testo2_6_0_ from salva salva0_ where salva0_.nome='formazioneBE'
update salva set testo='java.io.StringReader@70beecdd' where nome='formazioneFANTAVIVA'
update salva set testo='java.io.StringReader@1ca16aec' where nome='formazioneLUCCICAR'
update salva set testo='java.io.StringReader@2b81ccc1' where nome='formazioneBE'
select salva0_.nome as nome1_6_0_, salva0_.testo as testo2_6_0_ from salva salva0_ where salva0_.nome='2021/02/27 20:05:44.131-orari'
select salva0_.nome as nome1_6_0_, salva0_.testo as testo2_6_0_ from salva salva0_ where salva0_.nome='2021/02/27 20:05:44.131-lives'
select salva0_.nome as nome1_6_0_, salva0_.testo as testo2_6_0_ from salva salva0_ where salva0_.nome='orari'
select salva0_.nome as nome1_6_0_, salva0_.testo as testo2_6_0_ from salva salva0_ where salva0_.nome='lives'
update salva set testo='java.io.StringReader@39c9fef6' where nome='lives'
select salva0_.nome as nome1_6_0_, salva0_.testo as testo2_6_0_ from salva salva0_ where salva0_.nome='formazioneLUCCICAR'
select salva0_.nome as nome1_6_0_, salva0_.testo as testo2_6_0_ from salva salva0_ where salva0_.nome='formazioneFANTAVIVA'
select salva0_.nome as nome1_6_0_, salva0_.testo as testo2_6_0_ from salva salva0_ where salva0_.nome='formazioneBE'
update salva set testo='java.io.StringReader@1e0c5357' where nome='formazioneFANTAVIVA'
update salva set testo='java.io.StringReader@ec96bda' where nome='formazioneLUCCICAR'
update salva set testo='java.io.StringReader@2eed8d63' where nome='formazioneBE'
select salva0_.nome as nome1_6_0_, salva0_.testo as testo2_6_0_ from salva salva0_ where salva0_.nome='2021/02/27 20:06:03.697-orari'
select salva0_.nome as nome1_6_0_, salva0_.testo as testo2_6_0_ from salva salva0_ where salva0_.nome='2021/02/27 20:06:03.697-lives'
select salva0_.nome as nome1_6_0_, salva0_.testo as testo2_6_0_ from salva salva0_ where salva0_.nome='orari'
select salva0_.nome as nome1_6_0_, salva0_.testo as testo2_6_0_ from salva salva0_ where salva0_.nome='lives'
update salva set testo='java.io.StringReader@1865b988' where nome='lives'
select salva0_.nome as nome1_6_0_, salva0_.testo as testo2_6_0_ from salva salva0_ where salva0_.nome='formazioneLUCCICAR'
select salva0_.nome as nome1_6_0_, salva0_.testo as testo2_6_0_ from salva salva0_ where salva0_.nome='formazioneFANTAVIVA'
select salva0_.nome as nome1_6_0_, salva0_.testo as testo2_6_0_ from salva salva0_ where salva0_.nome='formazioneBE'
update salva set testo='java.io.StringReader@3b25b5eb' where nome='formazioneFANTAVIVA'
update salva set testo='java.io.StringReader@2eb80c5d' where nome='formazioneLUCCICAR'
update salva set testo='java.io.StringReader@6345515f' where nome='formazioneBE'
